<?xml version="1.0" encoding="UTF-8"?>
<testsuite xmlns:xsi="http://www.w3.org/2001/XMLSchema-instance" xsi:noNamespaceSchemaLocation="https://maven.apache.org/surefire/maven-surefire-plugin/xsd/surefire-test-report-3.0.xsd" version="3.0" name="practice1.MainTest" time="0.082" tests="5" errors="0" skipped="0" failures="0">
  <properties>
    <property name="java.specification.version" value="16"/>
    <property name="sun.jnu.encoding" value="UTF-8"/>
    <property name="java.class.path" value="/Users/undisputed.idicloud.com/IdeaProjects/practice1_Kreidun/target/test-classes:/Users/undisputed.idicloud.com/IdeaProjects/practice1_Kreidun/target/classes:/Users/undisputed.idicloud.com/.m2/repository/com/fasterxml/jackson/core/jackson-databind/2.12.3/jackson-databind-2.12.3.jar:/Users/undisputed.idicloud.com/.m2/repository/com/fasterxml/jackson/core/jackson-annotations/2.12.3/jackson-annotations-2.12.3.jar:/Users/undisputed.idicloud.com/.m2/repository/com/fasterxml/jackson/core/jackson-core/2.12.3/jackson-core-2.12.3.jar:/Users/undisputed.idicloud.com/.m2/repository/org/junit/jupiter/junit-jupiter-params/5.7.0/junit-jupiter-params-5.7.0.jar:/Users/undisputed.idicloud.com/.m2/repository/org/apiguardian/apiguardian-api/1.1.0/apiguardian-api-1.1.0.jar:/Users/undisputed.idicloud.com/.m2/repository/org/junit/jupiter/junit-jupiter-api/5.7.0/junit-jupiter-api-5.7.0.jar:/Users/undisputed.idicloud.com/.m2/repository/org/opentest4j/opentest4j/1.2.0/opentest4j-1.2.0.jar:/Users/undisputed.idicloud.com/.m2/repository/org/junit/platform/junit-platform-commons/1.7.0/junit-platform-commons-1.7.0.jar:"/>
    <property name="java.vm.vendor" value="Oracle Corporation"/>
    <property name="sun.arch.data.model" value="64"/>
    <property name="java.vendor.url" value="https://java.oracle.com/"/>
    <property name="os.name" value="Mac OS X"/>
    <property name="java.vm.specification.version" value="16"/>
    <property name="sun.java.launcher" value="SUN_STANDARD"/>
    <property name="user.country" value="UA"/>
    <property name="sun.boot.library.path" value="/Users/undisputed.idicloud.com/Library/Java/JavaVirtualMachines/openjdk-16.0.1/Contents/Home/lib"/>
    <property name="sun.java.command" value="/Users/undisputed.idicloud.com/IdeaProjects/practice1_Kreidun/target/surefire/surefirebooter12295355959177537986.jar /Users/undisputed.idicloud.com/IdeaProjects/practice1_Kreidun/target/surefire 2021-05-26T00-14-17_609-jvmRun1 surefire720938147258729165tmp surefire_013096272745877876578tmp"/>
    <property name="http.nonProxyHosts" value="local|*.local|169.254/16|*.169.254/16"/>
    <property name="jdk.debug" value="release"/>
    <property name="surefire.test.class.path" value="/Users/undisputed.idicloud.com/IdeaProjects/practice1_Kreidun/target/test-classes:/Users/undisputed.idicloud.com/IdeaProjects/practice1_Kreidun/target/classes:/Users/undisputed.idicloud.com/.m2/repository/com/fasterxml/jackson/core/jackson-databind/2.12.3/jackson-databind-2.12.3.jar:/Users/undisputed.idicloud.com/.m2/repository/com/fasterxml/jackson/core/jackson-annotations/2.12.3/jackson-annotations-2.12.3.jar:/Users/undisputed.idicloud.com/.m2/repository/com/fasterxml/jackson/core/jackson-core/2.12.3/jackson-core-2.12.3.jar:/Users/undisputed.idicloud.com/.m2/repository/org/junit/jupiter/junit-jupiter-params/5.7.0/junit-jupiter-params-5.7.0.jar:/Users/undisputed.idicloud.com/.m2/repository/org/apiguardian/apiguardian-api/1.1.0/apiguardian-api-1.1.0.jar:/Users/undisputed.idicloud.com/.m2/repository/org/junit/jupiter/junit-jupiter-api/5.7.0/junit-jupiter-api-5.7.0.jar:/Users/undisputed.idicloud.com/.m2/repository/org/opentest4j/opentest4j/1.2.0/opentest4j-1.2.0.jar:/Users/undisputed.idicloud.com/.m2/repository/org/junit/platform/junit-platform-commons/1.7.0/junit-platform-commons-1.7.0.jar:"/>
    <property name="sun.cpu.endian" value="little"/>
    <property name="user.home" value="/Users/undisputed.idicloud.com"/>
    <property name="user.language" value="ru"/>
    <property name="java.specification.vendor" value="Oracle Corporation"/>
    <property name="java.version.date" value="2021-04-20"/>
    <property name="java.home" value="/Users/undisputed.idicloud.com/Library/Java/JavaVirtualMachines/openjdk-16.0.1/Contents/Home"/>
    <property name="file.separator" value="/"/>
    <property name="basedir" value="/Users/undisputed.idicloud.com/IdeaProjects/practice1_Kreidun"/>
    <property name="java.vm.compressedOopsMode" value="Zero based"/>
    <property name="line.separator" value="&#10;"/>
    <property name="java.specification.name" value="Java Platform API Specification"/>
    <property name="java.vm.specification.vendor" value="Oracle Corporation"/>
    <property name="surefire.real.class.path" value="/Users/undisputed.idicloud.com/IdeaProjects/practice1_Kreidun/target/surefire/surefirebooter12295355959177537986.jar"/>
    <property name="sun.management.compiler" value="HotSpot 64-Bit Tiered Compilers"/>
    <property name="ftp.nonProxyHosts" value="local|*.local|169.254/16|*.169.254/16"/>
    <property name="java.runtime.version" value="16.0.1+9-24"/>
    <property name="user.name" value="undisputed.idicloud.com"/>
    <property name="path.separator" value=":"/>
    <property name="os.version" value="11.3"/>
    <property name="java.runtime.name" value="OpenJDK Runtime Environment"/>
    <property name="file.encoding" value="US-ASCII"/>
    <property name="java.vm.name" value="OpenJDK 64-Bit Server VM"/>
    <property name="localRepository" value="/Users/undisputed.idicloud.com/.m2/repository"/>
    <property name="java.vendor.url.bug" value="https://bugreport.java.com/bugreport/"/>
    <property name="java.io.tmpdir" value="/var/folders/kh/y_nw94d564v4zcg9vt2w9yq80000gn/T/"/>
    <property name="java.version" value="16.0.1"/>
    <property name="user.dir" value="/Users/undisputed.idicloud.com/IdeaProjects/practice1_Kreidun"/>
    <property name="os.arch" value="x86_64"/>
    <property name="java.vm.specification.name" value="Java Virtual Machine Specification"/>
    <property name="java.library.path" value="/Users/undisputed.idicloud.com/Library/Java/Extensions:/Library/Java/Extensions:/Network/Library/Java/Extensions:/System/Library/Java/Extensions:/usr/lib/java:."/>
    <property name="java.vm.info" value="mixed mode, sharing"/>
    <property name="java.vendor" value="Oracle Corporation"/>
    <property name="java.vm.version" value="16.0.1+9-24"/>
    <property name="sun.io.unicode.encoding" value="UnicodeBig"/>
    <property name="socksNonProxyHosts" value="local|*.local|169.254/16|*.169.254/16"/>
    <property name="java.class.version" value="60.0"/>
  </properties>
  <testcase name="shouldEncodePackage_params(byte, long, String)[1]" classname="practice1.MainTest" time="0.03">
    <system-out><![CDATA[client: 10
packetId: 222
length: 11
crc16 head: 3555
]]></system-out>
  </testcase>
  <testcase name="shouldEncodePackage_params(byte, long, String)[2]" classname="practice1.MainTest" time="0.001">
    <system-out><![CDATA[client: 1
packetId: 222
length: 9
crc16 head: 18296
]]></system-out>
  </testcase>
  <testcase name="shouldEncodePackage_params(byte, long, String)[3]" classname="practice1.MainTest" time="0.001">
    <system-out><![CDATA[client: 10
packetId: 213
length: 12
crc16 head: 3591
]]></system-out>
  </testcase>
  <testcase name="shouldEncodePackage_params(byte, long, String)[4]" classname="practice1.MainTest" time="0.001">
    <system-out><![CDATA[client: 5
packetId: 222
length: 5
crc16 head: -14730
]]></system-out>
  </testcase>
  <testcase name="shouldEncodePackage" classname="practice1.MainTest" time="0.001">
    <system-out><![CDATA[client: 1
packetId: 111
length: 11
crc16 head: -25467
]]></system-out>
  </testcase>
</testsuite>